<?xml version="1.0" encoding="UTF-8"?>
<testsuite xmlns:xsi="http://www.w3.org/2001/XMLSchema-instance" xsi:noNamespaceSchemaLocation="https://maven.apache.org/surefire/maven-surefire-plugin/xsd/surefire-test-report-3.0.xsd" version="3.0" name="Runner.TestRunner" time="0.565" tests="14" errors="0" skipped="0" failures="0">
  <properties>
[...]
</properties>
  <testcase name="check if &lt;100&gt; equal &lt;100&gt;" classname="portocala" time="0.004">
    <system-out><![CDATA[
@Run
Scenario: portocala                &amp#27;[90m# src/test/resources/features/ceva.feature:5&amp#27;[0m
]]></system-out>
  </testcase>
  <testcase name="" classname="portocala" time="0.008">
    <system-out><![CDATA[  &amp#27;[32mGiven &amp#27;[0m&amp#27;[32mcheck if <&amp#27;[0m&amp#27;[32m&amp#27;[1m100&amp#27;[0m&amp#27;[32m> equal <&amp#27;[0m&amp#27;[32m&amp#27;[1m100&amp#27;[0m&amp#27;[32m>&amp#27;[0m &amp#27;[90m# StepDef.StepDef.checkIfEqual(int,int)&amp#27;[0m
]]></system-out>
  </testcase>
  <testcase name="User is on page" classname="Get login 1" time="0.003">
    <system-out><![CDATA[
@Run
Scenario: Get login 1                     &amp#27;[90m# src/test/resources/features/dataTable.feature:4&amp#27;[0m
Test1
]]></system-out>
  </testcase>
  <testcase name="User click" classname="Get login 1" time="0">
    <system-out><![CDATA[  &amp#27;[32mGiven &amp#27;[0m&amp#27;[32mUser is on page&amp#27;[0m                   &amp#27;[90m# StepDef.StepDef.user_is_on_page()&amp#27;[0m
Test2
]]></system-out>
  </testcase>
  <testcase name="User enters the following details:" classname="Get login 1" time="0.003">
    <system-out><![CDATA[  &amp#27;[32mThen &amp#27;[0m&amp#27;[32mUser click&amp#27;[0m                         &amp#27;[90m# StepDef.StepDef.user_click()&amp#27;[0m
Apples
5
2.5
Bananas
3
1.2
Chocolate
2
3.75
]]></system-out>
  </testcase>
  <testcase name="" classname="Get login 1" time="0.008">
    <system-out><![CDATA[  &amp#27;[32mThen &amp#27;[0m&amp#27;[32mUser enters the following details:&amp#27;[0m &amp#27;[90m# StepDef.StepDef.userEntersTheFollowingDetails(io.cucumber.datatable.DataTable)&amp#27;[0m
    | Item      | Quantity | Price |
    | Apples    | 5        | 2.50  |
    | Bananas   | 3        | 1.20  |
    | Chocolate | 2        | 3.75  |
]]></system-out>
  </testcase>
  <testcase name="User is on page" classname="Get login 1 5 7" time="0">
    <system-out><![CDATA[
@Run
Scenario: Get login 1 5 7                     &amp#27;[90m# src/test/resources/features/login.feature:4&amp#27;[0m
Test1
]]></system-out>
  </testcase>
  <testcase name="User click" classname="Get login 1 5 7" time="0">
    <system-out><![CDATA[  &amp#27;[32mGiven &amp#27;[0m&amp#27;[32mUser is on page&amp#27;[0m                       &amp#27;[90m# StepDef.StepDef.user_is_on_page()&amp#27;[0m
Test2
]]></system-out>
  </testcase>
  <testcase name="User click again &quot;Name&quot; and price 1001" classname="Get login 1 5 7" time="0.005">
    <system-out><![CDATA[  &amp#27;[32mThen &amp#27;[0m&amp#27;[32mUser click&amp#27;[0m                             &amp#27;[90m# StepDef.StepDef.user_click()&amp#27;[0m
Name 1001
]]></system-out>
  </testcase>
  <testcase name="User enters &lt;100&gt;" classname="Get login 1 5 7" time="0">
    <system-out><![CDATA[  &amp#27;[32mThen &amp#27;[0m&amp#27;[32mUser click again &amp#27;[0m&amp#27;[32m&amp#27;[1m"Name"&amp#27;[0m&amp#27;[32m and price &amp#27;[0m&amp#27;[32m&amp#27;[1m1001&amp#27;[0m &amp#27;[90m# StepDef.StepDef.userClickAgainAndPrice(java.lang.String,int)&amp#27;[0m
100
]]></system-out>
  </testcase>
  <testcase name="" classname="Get login 1 5 7" time="0">
    <system-out><![CDATA[  &amp#27;[32mThen &amp#27;[0m&amp#27;[32mUser enters <&amp#27;[0m&amp#27;[32m&amp#27;[1m100&amp#27;[0m&amp#27;[32m>&amp#27;[0m                      &amp#27;[90m# StepDef.StepDef.userEnters(int)&amp#27;[0m
]]></system-out>
  </testcase>
  <testcase name="user enters another name" classname="Get login updated" time="0.001">
    <system-out><![CDATA[
@Run
Scenario: Get login updated                &amp#27;[90m# src/test/resources/features/login.feature:10&amp#27;[0m
Another name
]]></system-out>
  </testcase>
  <testcase name="user enters second password &quot;admin&quot;" classname="Get login updated" time="0">
    <system-out><![CDATA[  &amp#27;[32mGiven &amp#27;[0m&amp#27;[32muser enters another name&amp#27;[0m           &amp#27;[90m# StepDef.StepDef.userEntersAnotherName()&amp#27;[0m
admin
]]></system-out>
  </testcase>
  <testcase name="" classname="Get login updated" time="0">
    <system-out><![CDATA[  &amp#27;[32mThen &amp#27;[0m&amp#27;[32muser enters second password &amp#27;[0m&amp#27;[32m&amp#27;[1m"admin"&amp#27;[0m &amp#27;[90m# StepDef.StepDef.userEntersSecondPassword(java.lang.String)&amp#27;[0m
]]></system-out>
  </testcase>
</testsuite>